<?xml version="1.0" encoding="UTF-8"?>
<!-- Generated by org.testng.reporters.JUnitReportReporter -->
<testsuite hostname="MacBook-Pro-Nasta.local" failures="0" tests="6" name="AuthorTest" time="2.662" errors="0" timestamp="21 Aug 2021 10:39:56 GMT" skipped="0">
  <testcase classname="AuthorTest" name="testUpdateAuthor" time="0.114"/>
  <testcase classname="AuthorTest" name="testDeleteAuthorById" time="0.085"/>
  <testcase classname="AuthorTest" name="testGetAuthorById" time="0.101"/>
  <testcase classname="AuthorTest" name="testGetAuthorByName" time="0.116"/>
  <testcase classname="AuthorTest" name="testGetAllAuthors" time="0.061"/>
  <testcase classname="AuthorTest" name="testCreateAuthorTest" time="2.185"/>
</testsuite> <!-- AuthorTest -->
