<?xml version="1.0" encoding="UTF-8"?>
<!-- Generated by org.testng.reporters.JUnitReportReporter -->
<testsuite hostname="MacBook-Pro-Nasta.local" failures="0" tests="8" name="BookTest" time="0.871" errors="0" timestamp="21 Aug 2021 10:39:56 GMT" skipped="0">
  <testcase classname="BookTest" name="getBookByAuthorId" time="0.042"/>
  <testcase classname="BookTest" name="createBookTest" time="0.321"/>
  <testcase classname="BookTest" name="getBookById" time="0.122"/>
  <testcase classname="BookTest" name="getBookByGenreId" time="0.043"/>
  <testcase classname="BookTest" name="getBookByAuthorIdAndGenreId" time="0.049"/>
  <testcase classname="BookTest" name="getBookByName" time="0.150"/>
  <testcase classname="BookTest" name="updateBook" time="0.106"/>
  <testcase classname="BookTest" name="getAllBooks" time="0.038"/>
</testsuite> <!-- BookTest -->
