<?xml version="1.0" encoding="UTF-8"?>
<!-- Generated by org.testng.reporters.JUnitReportReporter -->
<testsuite hostname="MacBook-Pro-Nasta.local" failures="0" tests="6" name="GenreTest" time="0.444" errors="0" timestamp="17 Aug 2021 18:39:10 GMT" skipped="0">
  <testcase classname="GenreTest" name="getGenreById" time="0.071"/>
  <testcase classname="GenreTest" name="deleteGenreById" time="0.067"/>
  <testcase classname="GenreTest" name="getGenreByName" time="0.101"/>
  <testcase classname="GenreTest" name="createGenreTest" time="0.076"/>
  <testcase classname="GenreTest" name="getAllGenres" time="0.029"/>
  <testcase classname="GenreTest" name="updateGenre" time="0.100"/>
</testsuite> <!-- GenreTest -->
