<?xml version="1.0" encoding="UTF-8"?>
<!-- Generated by org.testng.reporters.JUnitReportReporter -->
<testsuite hostname="MacBook-Pro-Nasta.local" failures="0" tests="6" name="AuthorTest" time="3.176" errors="0" timestamp="17 Aug 2021 18:39:10 GMT" skipped="0">
  <testcase classname="AuthorTest" name="updateGenre" time="0.113"/>
  <testcase classname="AuthorTest" name="getAllAuthors" time="0.076"/>
  <testcase classname="AuthorTest" name="deleteAuthorById" time="0.156"/>
  <testcase classname="AuthorTest" name="getAuthorById" time="0.145"/>
  <testcase classname="AuthorTest" name="getAuthorByName" time="0.127"/>
  <testcase classname="AuthorTest" name="createAuthorTest" time="2.559"/>
</testsuite> <!-- AuthorTest -->
