<?xml version="1.0" encoding="UTF-8"?>
<!-- Generated by org.testng.reporters.JUnitReportReporter -->
<testsuite hostname="MacBook-Pro-Nasta.local" failures="0" tests="8" name="BookTest" time="0.950" errors="0" timestamp="17 Aug 2021 18:39:10 GMT" skipped="0">
  <testcase classname="BookTest" name="getBookByName" time="0.141"/>
  <testcase classname="BookTest" name="createBookTest" time="0.346"/>
  <testcase classname="BookTest" name="updateBook" time="0.183"/>
  <testcase classname="BookTest" name="getBookById" time="0.131"/>
  <testcase classname="BookTest" name="getBookByAuthorIdAndGenreId" time="0.054"/>
  <testcase classname="BookTest" name="getAllBooks" time="0.028"/>
  <testcase classname="BookTest" name="getBookByGenreId" time="0.030"/>
  <testcase classname="BookTest" name="getBookByAuthorId" time="0.037"/>
</testsuite> <!-- BookTest -->
