<?xml version="1.0" encoding="UTF-8"?>
<!-- Generated by org.testng.reporters.JUnitReportReporter -->
<testsuite hostname="MacBook-Pro-Nasta.local" failures="0" tests="6" name="GenreTest" time="0.425" errors="0" timestamp="21 Aug 2021 10:39:56 GMT" skipped="0">
  <testcase classname="GenreTest" name="createGenreTest" time="0.071"/>
  <testcase classname="GenreTest" name="getGenreByName" time="0.085"/>
  <testcase classname="GenreTest" name="deleteGenreById" time="0.068"/>
  <testcase classname="GenreTest" name="getGenreById" time="0.093"/>
  <testcase classname="GenreTest" name="updateGenre" time="0.087"/>
  <testcase classname="GenreTest" name="getAllGenres" time="0.021"/>
</testsuite> <!-- GenreTest -->
